[2026-06-03 17:03:20] Вручную заблокировано соединение: {'local_addr': '10.8.0.13:59886', 'remote_addr': '155.212.204.194:443', 'pid': 663}
[2026-06-03 17:04:11] Вручную заблокировано соединение: {'local_addr': '10.4.27.10:60534', 'remote_addr': '17.253.39.134:443', 'pid': 436}
[2026-06-03 17:04:23] Снята блокировка ID=2
[2026-06-03 17:06:53] Снята блокировка ID=1
[2026-06-03 17:08:10] Заблокировано по URL 'http://104.253.74.243:51821/': 1 адрес(ов)
[2026-06-03 17:08:32] Снята блокировка ID=3
[2026-06-03 17:08:51] Заблокировано по URL 'https://max.ru/': 3 адрес(ов)
[2026-06-03 17:09:37] Снята блокировка ID=6
[2026-06-03 17:09:37] Снята блокировка ID=5
[2026-06-03 17:09:37] Снята блокировка ID=4
[2026-06-03 17:25:20] Заблокировано по URL 'https://max.ru/': 3 адрес(ов)
[2026-06-03 17:27:18] Снята блокировка ID=9
[2026-06-03 17:27:18] Снята блокировка ID=8
[2026-06-03 17:27:18] Снята блокировка ID=7
[2026-06-03 17:29:15] Заблокировано по URL 'https://max.ru/': 3 адрес(ов)
[2026-06-03 17:53:19] Заблокировано по URL 'https://max.ru/': 3 адрес(ов)
[2026-06-03 17:57:56] Снята блокировка ID=3
[2026-06-03 17:57:56] Снята блокировка ID=2
[2026-06-03 17:57:56] Снята блокировка ID=1
[2026-06-03 17:58:20] Заблокировано по URL 'https://max.ru/': 3 адрес(ов)
[2026-06-03 17:58:47] Снята блокировка ID=6
[2026-06-03 17:58:47] Снята блокировка ID=5
[2026-06-03 17:58:47] Снята блокировка ID=4
[2026-06-03 17:59:53] Заблокировано по URL 'https://max.ru/': 3 адрес(ов)
[2026-06-03 18:00:31] Снята блокировка ID=9
[2026-06-03 18:00:31] Снята блокировка ID=8
[2026-06-03 18:00:31] Снята блокировка ID=7
[2026-06-03 18:01:19] Заблокировано по URL 'https://tvoyhod.online/': 1 адрес(ов)
[2026-06-03 18:02:00] Снята блокировка ID=10
[2026-06-03 18:13:25] Заблокировано по URL 'https://max.ru/': 3 адрес(ов)
[2026-06-03 18:24:08] Параметры обновлены: порты=22,23,25,53,80,443,3389, IP=, автоблокировка=False
[2026-06-03 18:24:10] Параметры обновлены: порты=22,23,25,53,80,443,3389, IP=, автоблокировка=False
[2026-06-03 18:24:11] Параметры обновлены: порты=22,23,25,53,80,443,3389, IP=, автоблокировка=False
[2026-06-03 18:24:11] Параметры обновлены: порты=22,23,25,53,80,443,3389, IP=, автоблокировка=False
[2026-06-03 18:24:11] Параметры обновлены: порты=22,23,25,53,80,443,3389, IP=, автоблокировка=False
